Namespace(accumulation_steps=1, attack_type=None, batch_size=32, cam_model_name='GradCAM', clip_model_name='RN50', csv_file_path='/root/autodl-tmp/UI_ITC/data/screen_summaries.csv', dataset_name='rico', do_scheduler=False, epochs=30, eps=1e-06, eval_epochs=2, gpu_id='cuda', img_aug=True, img_folder_path='/root/autodl-tmp/RICO/combined/', lr=5e-08, model_save_path='/root/autodl-tmp/', num_captions=5, resize=1, sentence='', train_val_ratio=0.8, weight_decay=0.005)
epoch : 0
train_epoch_loss: 2.92578125
train_lr : 5e-08
evalutation_epoch_loss: 2.133699417114258
epoch : 1
train_epoch_loss: 2.92578125
train_lr : 5e-08
evalutation_epoch_loss: 1.9046871662139893
epoch : 2
train_epoch_loss: 2.92578125
train_lr : 5e-08
evalutation_epoch_loss: 1.7940703630447388
epoch : 3
train_epoch_loss: 2.763671875
train_lr : 5e-08
evalutation_epoch_loss: 1.7104867696762085
epoch : 4
train_epoch_loss: 2.65234375
train_lr : 5e-08
evalutation_epoch_loss: 1.6476104259490967
epoch : 5
train_epoch_loss: 2.556640625
train_lr : 5e-08
evalutation_epoch_loss: 1.6135203838348389
epoch : 6
train_epoch_loss: 2.423828125
train_lr : 5e-08
evalutation_epoch_loss: 1.5886298418045044
epoch : 7
train_epoch_loss: 2.33203125
train_lr : 5e-08
evalutation_epoch_loss: 1.5312527418136597
epoch : 8
train_epoch_loss: 2.2421875
train_lr : 5e-08
evalutation_epoch_loss: 1.5276000499725342
epoch : 9
train_epoch_loss: 2.17578125
train_lr : 5e-08
evalutation_epoch_loss: 1.5051939487457275
epoch : 10
train_epoch_loss: 2.109375
train_lr : 5e-08
evalutation_epoch_loss: 1.4914066791534424
epoch : 11
train_epoch_loss: 2.03515625
train_lr : 5e-08
evalutation_epoch_loss: 1.461927056312561
epoch : 12
train_epoch_loss: 1.9755859375
train_lr : 5e-08
evalutation_epoch_loss: 1.439695954322815
epoch : 13
train_epoch_loss: 1.8828125
train_lr : 5e-08
evalutation_epoch_loss: 1.4422714710235596
epoch : 14
train_epoch_loss: 1.8818359375
train_lr : 5e-08
evalutation_epoch_loss: 1.4198358058929443
epoch : 15
train_epoch_loss: 1.857421875
train_lr : 5e-08
evalutation_epoch_loss: 1.4202957153320312
epoch : 16
train_epoch_loss: 1.798828125
train_lr : 5e-08
evalutation_epoch_loss: 1.4062743186950684
epoch : 17
train_epoch_loss: 1.7861328125
train_lr : 5e-08
evalutation_epoch_loss: 1.3973462581634521
epoch : 18
train_epoch_loss: 1.7373046875
train_lr : 5e-08
evalutation_epoch_loss: 1.388334035873413
epoch : 19
train_epoch_loss: 1.6787109375
train_lr : 5e-08
evalutation_epoch_loss: 1.3720558881759644
epoch : 20
train_epoch_loss: 1.6572265625
train_lr : 5e-08
evalutation_epoch_loss: 1.3698625564575195
epoch : 21
train_epoch_loss: 1.658203125
train_lr : 5e-08
evalutation_epoch_loss: 1.3612282276153564
epoch : 22
train_epoch_loss: 1.62890625
train_lr : 5e-08
evalutation_epoch_loss: 1.3600411415100098
epoch : 23
train_epoch_loss: 1.6142578125
train_lr : 5e-08
evalutation_epoch_loss: 1.3488162755966187
epoch : 24
train_epoch_loss: 1.61328125
train_lr : 5e-08
evalutation_epoch_loss: 1.3492815494537354
epoch : 25
train_epoch_loss: 1.6181640625
train_lr : 5e-08
evalutation_epoch_loss: 1.330888032913208
epoch : 26
train_epoch_loss: 1.564453125
train_lr : 5e-08
evalutation_epoch_loss: 1.3181512355804443
epoch : 27
train_epoch_loss: 1.5556640625
train_lr : 5e-08
evalutation_epoch_loss: 1.3221020698547363
epoch : 28
train_epoch_loss: 1.5380859375
train_lr : 5e-08
evalutation_epoch_loss: 1.32559072971344
epoch : 29
train_epoch_loss: 1.55859375
train_lr : 5e-08
evalutation_epoch_loss: 1.317700982093811
